  Arrow.cpp
C:\Users\user\source\repos\SlnTale\SlnTale\stdafx.h(127,2): warning C4091: 'typedef ': 변수를 선언하지 않으면 'Vector2' 왼쪽은 무시됩니다.
C:\Users\user\source\repos\SlnTale\SlnTale\SceneManager.h(49,28): warning C4838: 'int'에서 'SHORT'(으)로의 변환에는 축소 변환이 필요합니다.
C:\Users\user\source\repos\SlnTale\SlnTale\SceneManager.h(49,31): warning C4838: 'int'에서 'SHORT'(으)로의 변환에는 축소 변환이 필요합니다.
C:\Users\user\source\repos\SlnTale\SlnTale\Arrow.cpp(60,22): warning C4018: '<': signed 또는 unsigned가 일치하지 않습니다.
C:\Users\user\source\repos\SlnTale\SlnTale\Arrow.cpp(74,44): warning C4244: '-=': 'double'에서 'float'(으)로 변환하면서 데이터가 손실될 수 있습니다.
C:\Users\user\source\repos\SlnTale\SlnTale\Arrow.cpp(75,41): warning C4244: '+=': 'double'에서 'float'(으)로 변환하면서 데이터가 손실될 수 있습니다.
C:\Users\user\source\repos\SlnTale\SlnTale\Arrow.cpp(82,17): warning C4018: '<': signed 또는 unsigned가 일치하지 않습니다.
C:\Users\user\source\repos\SlnTale\SlnTale\Arrow.cpp(84,18): warning C4018: '<': signed 또는 unsigned가 일치하지 않습니다.
C:\Users\user\source\repos\SlnTale\SlnTale\Arrow.cpp(110,17): warning C4018: '<': signed 또는 unsigned가 일치하지 않습니다.
C:\Users\user\source\repos\SlnTale\SlnTale\Arrow.cpp(112,18): warning C4018: '<': signed 또는 unsigned가 일치하지 않습니다.
C:\Users\user\source\repos\SlnTale\SlnTale\Arrow.cpp(115,52): warning C4804: '<': 연산에 'bool' 형식을 사용하는 것은 안전하지 않습니다.
C:\Users\user\source\repos\SlnTale\SlnTale\Arrow.cpp(122,17): warning C4018: '<': signed 또는 unsigned가 일치하지 않습니다.
C:\Users\user\source\repos\SlnTale\SlnTale\Arrow.cpp(127,18): warning C4018: '<': signed 또는 unsigned가 일치하지 않습니다.
C:\Users\user\source\repos\SlnTale\SlnTale\Arrow.cpp(130,52): warning C4804: '<': 연산에 'bool' 형식을 사용하는 것은 안전하지 않습니다.
C:\Users\user\source\repos\SlnTale\SlnTale\Arrow.cpp(216,16): warning C4018: '<': signed 또는 unsigned가 일치하지 않습니다.
C:\Users\user\source\repos\SlnTale\SlnTale\Arrow.cpp(218,17): warning C4018: '<': signed 또는 unsigned가 일치하지 않습니다.
C:\Users\user\source\repos\SlnTale\SlnTale\Arrow.cpp(220,49): warning C4804: '<': 연산에 'bool' 형식을 사용하는 것은 안전하지 않습니다.
C:\Users\user\source\repos\SlnTale\SlnTale\Arrow.cpp(248): warning C4715: 'Arrow::SetArrowModify': 모든 제어 경로에서 값을 반환하지는 않습니다.
  SlnTale.vcxproj -> C:\Users\user\source\repos\SlnTale\Debug\SlnTale.exe
